<?xml version="1.0" encoding="UTF-8" ?>
<testsuite failures="0" time="0.109" errors="0" skipped="0" tests="10" name="org.eclipse.recommenders.tests.models.MappingProviderTest">
  <properties>
    <property name="java.vendor" value="Sun Microsystems Inc."/>
    <property name="osgi.bundles.defaultStartLevel" value="4"/>
    <property name="sun.java.launcher" value="SUN_STANDARD"/>
    <property name="org.osgi.supports.framework.extension" value="true"/>
    <property name="sun.management.compiler" value="HotSpot Client Compiler"/>
    <property name="os.name" value="Windows 7"/>
    <property name="sun.boot.class.path" value="c:\Program Files (x86)\Java\jdk1.6.0_43\jre\lib\resources.jar;c:\Program Files (x86)\Java\jdk1.6.0_43\jre\lib\rt.jar;c:\Program Files (x86)\Java\jdk1.6.0_43\jre\lib\sunrsasign.jar;c:\Program Files (x86)\Java\jdk1.6.0_43\jre\lib\jsse.jar;c:\Program Files (x86)\Java\jdk1.6.0_43\jre\lib\jce.jar;c:\Program Files (x86)\Java\jdk1.6.0_43\jre\lib\charsets.jar;c:\Program Files (x86)\Java\jdk1.6.0_43\jre\lib\modules\jdk.boot.jar;c:\Program Files (x86)\Java\jdk1.6.0_43\jre\classes"/>
    <property name="osgi.ws" value="win32"/>
    <property name="sun.desktop" value="windows"/>
    <property name="java.vm.specification.vendor" value="Sun Microsystems Inc."/>
    <property name="java.runtime.version" value="1.6.0_43-b01"/>
    <property name="osgi.instance.area" value="file:/D:/!CoRe/github-Git/tests/org.eclipse.recommenders.tests.models/target/work/data/"/>
    <property name="org.osgi.framework.uuid" value="7014c642-f7cd-0012-1287-a4f611758e00"/>
    <property name="osgi.noShutdown" value="false"/>
    <property name="user.name" value="lenzol"/>
    <property name="org.osgi.framework.system.packages" value="javax.accessibility,javax.activation,javax.activity,javax.annotation,javax.annotation.processing,javax.crypto,javax.crypto.interfaces,javax.crypto.spec,javax.imageio,javax.imageio.event,javax.imageio.metadata,javax.imageio.plugins.bmp,javax.imageio.plugins.jpeg,javax.imageio.spi,javax.imageio.stream,javax.jws,javax.jws.soap,javax.lang.model,javax.lang.model.element,javax.lang.model.type,javax.lang.model.util,javax.management,javax.management.loading,javax.management.modelmbean,javax.management.monitor,javax.management.openmbean,javax.management.relation,javax.management.remote,javax.management.remote.rmi,javax.management.timer,javax.naming,javax.naming.directory,javax.naming.event,javax.naming.ldap,javax.naming.spi,javax.net,javax.net.ssl,javax.print,javax.print.attribute,javax.print.attribute.standard,javax.print.event,javax.rmi,javax.rmi.CORBA,javax.rmi.ssl,javax.script,javax.security.auth,javax.security.auth.callback,javax.security.auth.kerberos,javax.security.auth.login,javax.security.auth.spi,javax.security.auth.x500,javax.security.cert,javax.security.sasl,javax.sound.midi,javax.sound.midi.spi,javax.sound.sampled,javax.sound.sampled.spi,javax.sql,javax.sql.rowset,javax.sql.rowset.serial,javax.sql.rowset.spi,javax.swing,javax.swing.border,javax.swing.colorchooser,javax.swing.event,javax.swing.filechooser,javax.swing.plaf,javax.swing.plaf.basic,javax.swing.plaf.metal,javax.swing.plaf.multi,javax.swing.plaf.synth,javax.swing.table,javax.swing.text,javax.swing.text.html,javax.swing.text.html.parser,javax.swing.text.rtf,javax.swing.tree,javax.swing.undo,javax.tools,javax.transaction,javax.transaction.xa,javax.xml,javax.xml.bind,javax.xml.bind.annotation,javax.xml.bind.annotation.adapters,javax.xml.bind.attachment,javax.xml.bind.helpers,javax.xml.bind.util,javax.xml.crypto,javax.xml.crypto.dom,javax.xml.crypto.dsig,javax.xml.crypto.dsig.dom,javax.xml.crypto.dsig.keyinfo,javax.xml.crypto.dsig.spec,javax.xml.datatype,javax.xml.namespace,javax.xml.parsers,javax.xml.soap,javax.xml.stream,javax.xml.stream.events,javax.xml.stream.util,javax.xml.transform,javax.xml.transform.dom,javax.xml.transform.sax,javax.xml.transform.stax,javax.xml.transform.stream,javax.xml.validation,javax.xml.ws,javax.xml.ws.handler,javax.xml.ws.handler.soap,javax.xml.ws.http,javax.xml.ws.soap,javax.xml.ws.spi,javax.xml.ws.wsaddressing,javax.xml.xpath,org.ietf.jgss,org.omg.CORBA,org.omg.CORBA_2_3,org.omg.CORBA_2_3.portable,org.omg.CORBA.DynAnyPackage,org.omg.CORBA.ORBPackage,org.omg.CORBA.portable,org.omg.CORBA.TypeCodePackage,org.omg.CosNaming,org.omg.CosNaming.NamingContextExtPackage,org.omg.CosNaming.NamingContextPackage,org.omg.Dynamic,org.omg.DynamicAny,org.omg.DynamicAny.DynAnyFactoryPackage,org.omg.DynamicAny.DynAnyPackage,org.omg.IOP,org.omg.IOP.CodecFactoryPackage,org.omg.IOP.CodecPackage,org.omg.Messaging,org.omg.PortableInterceptor,org.omg.PortableInterceptor.ORBInitInfoPackage,org.omg.PortableServer,org.omg.PortableServer.CurrentPackage,org.omg.PortableServer.POAManagerPackage,org.omg.PortableServer.POAPackage,org.omg.PortableServer.portable,org.omg.PortableServer.ServantLocatorPackage,org.omg.SendingContext,org.omg.stub.java.rmi,org.w3c.dom,org.w3c.dom.bootstrap,org.w3c.dom.css,org.w3c.dom.events,org.w3c.dom.html,org.w3c.dom.ls,org.w3c.dom.ranges,org.w3c.dom.stylesheets,org.w3c.dom.traversal,org.w3c.dom.views,org.w3c.dom.xpath,org.xml.sax,org.xml.sax.ext,org.xml.sax.helpers"/>
    <property name="org.osgi.framework.language" value="de"/>
    <property name="user.language" value="de"/>
    <property name="org.osgi.framework.processor" value="x86"/>
    <property name="osgi.syspath" value="c:\Users\lenzol\.m2\repository\p2\osgi\bundle\org.eclipse.osgi\3.9.0.v20130513-1345"/>
    <property name="sun.boot.library.path" value="c:\Program Files (x86)\Java\jdk1.6.0_43\jre\bin"/>
    <property name="osgi.manifest.cache" value="D:\!CoRe\github-Git\tests\org.eclipse.recommenders.tests.models\target\work\configuration\org.eclipse.osgi\manifests"/>
    <property name="org.osgi.framework.system.capabilities" value="osgi.ee; osgi.ee=&quot;OSGi/Minimum&quot;; version:List&lt;Version&gt;=&quot;1.0, 1.1, 1.2&quot;,osgi.ee; osgi.ee=&quot;JRE&quot;; version:List&lt;Version&gt;=&quot;1.0, 1.1&quot;,osgi.ee; osgi.ee=&quot;JavaSE&quot;; version:List&lt;Version&gt;=&quot;1.0, 1.1, 1.2, 1.3, 1.4, 1.5, 1.6&quot;"/>
    <property name="java.version" value="1.6.0_43"/>
    <property name="org.osgi.framework.os.name" value="Windows7"/>
    <property name="user.timezone" value="Europe/Berlin"/>
    <property name="sun.arch.data.model" value="32"/>
    <property name="osgi.bundles" value="reference:file:C:/Users/lenzol/.m2/repository/p2/osgi/bundle/com.google.guava/12.0.0.v201212092141/com.google.guava-12.0.0.v201212092141.jar,reference:file:C:/Users/lenzol/.m2/repository/p2/osgi/bundle/com.ning.async-http-client/1.6.5.20130524-2308/com.ning.async-http-client-1.6.5.20130524-2308.jar,reference:file:C:/Users/lenzol/.m2/repository/p2/osgi/bundle/org.jboss.netty/3.2.5.Final-20130524-2308/org.jboss.netty-3.2.5.Final-20130524-2308.jar,reference:file:C:/Users/lenzol/.m2/repository/p2/osgi/bundle/org.slf4j.api/1.7.2.v20121108-1250/org.slf4j.api-1.7.2.v20121108-1250.jar,reference:file:C:/Users/lenzol/.m2/repository/p2/osgi/bundle/org.eclipse.core.contenttype/3.4.200.v20130326-1255/org.eclipse.core.contenttype-3.4.200.v20130326-1255.jar,reference:file:C:/Users/lenzol/.m2/repository/p2/osgi/bundle/org.eclipse.equinox.preferences/3.5.100.v20130422-1538/org.eclipse.equinox.preferences-3.5.100.v20130422-1538.jar,reference:file:C:/Users/lenzol/.m2/repository/p2/osgi/bundle/org.eclipse.equinox.registry/3.5.300.v20130327-1442/org.eclipse.equinox.registry-3.5.300.v20130327-1442.jar,reference:file:C:/Users/lenzol/.m2/repository/p2/osgi/bundle/org.eclipse.equinox.common/3.6.200.v20130402-1505/org.eclipse.equinox.common-3.6.200.v20130402-1505.jar@2:start,reference:file:C:/Users/lenzol/.m2/repository/p2/osgi/bundle/org.eclipse.core.jobs/3.5.300.v20130429-1813/org.eclipse.core.jobs-3.5.300.v20130429-1813.jar,reference:file:C:/Users/lenzol/.m2/repository/p2/osgi/bundle/org.eclipse.core.runtime/3.9.0.v20130326-1255/org.eclipse.core.runtime-3.9.0.v20130326-1255.jar@4:start,reference:file:C:/Users/lenzol/.m2/repository/p2/osgi/bundle/org.eclipse.equinox.app/1.3.100.v20130327-1442/org.eclipse.equinox.app-1.3.100.v20130327-1442.jar,reference:file:C:/Users/lenzol/.m2/repository/p2/osgi/bundle/org.eclipse.recommenders.aether/1.0.0.201306031010/org.eclipse.recommenders.aether-1.0.0.201306031010.jar,reference:file:D:/!CoRe/github-Git/plugins/org.eclipse.recommenders.models/target/org.eclipse.recommenders.models-1.100.0-SNAPSHOT.jar,reference:file:D:/!CoRe/github-Git/plugins/org.eclipse.recommenders.utils/target/org.eclipse.recommenders.utils-1.100.0-SNAPSHOT.jar,reference:file:C:/Users/lenzol/.m2/repository/p2/osgi/bundle/org.apache.lucene.core/3.5.0.v20120725-1805/org.apache.lucene.core-3.5.0.v20120725-1805.jar,reference:file:C:/Users/lenzol/.m2/repository/p2/osgi/bundle/org.apache.commons.lang3/3.1.0.201306031010/org.apache.commons.lang3-3.1.0.201306031010.jar,reference:file:C:/Users/lenzol/.m2/repository/p2/osgi/bundle/org.apache.commons.pool/1.6.0.v201204271246/org.apache.commons.pool-1.6.0.v201204271246.jar,reference:file:D:/!CoRe/github-Git/tests/org.eclipse.recommenders.tests.models,reference:file:C:/Users/lenzol/.m2/repository/p2/osgi/bundle/org.junit/4.11.0.v201303080030/org.junit-4.11.0.v201303080030.jar,reference:file:C:/Users/lenzol/.m2/repository/p2/osgi/bundle/org.mockito/1.8.4.v201303031500/org.mockito-1.8.4.v201303031500.jar,reference:file:C:/Users/lenzol/.m2/repository/p2/osgi/bundle/org.hamcrest/1.1.0.v20090501071000/org.hamcrest-1.1.0.v20090501071000.jar,reference:file:C:/Users/lenzol/.m2/repository/p2/osgi/bundle/com.google.gson/2.1.0.v201303041604/com.google.gson-2.1.0.v201303041604.jar,reference:file:C:/Users/lenzol/.m2/repository/p2/osgi/bundle/org.apache.commons.io/2.0.1.v201105210651/org.apache.commons.io-2.0.1.v201105210651.jar,reference:file:C:/Users/lenzol/.m2/repository/p2/osgi/bundle/org.hamcrest.core/1.3.0.v201303031735/org.hamcrest.core-1.3.0.v201303031735.jar,reference:file:C:/Users/lenzol/.m2/repository/p2/osgi/bundle/org.hamcrest.library/1.1.0.v20090501071000/org.hamcrest.library-1.1.0.v20090501071000.jar,reference:file:C:/Users/lenzol/.m2/repository/p2/osgi/bundle/org.hamcrest.integration/1.1.0.v20090501071000/org.hamcrest.integration-1.1.0.v20090501071000.jar,reference:file:C:/Users/lenzol/.m2/repository/p2/osgi/bundle/org.hamcrest.text/1.1.0.v20090501071000/org.hamcrest.text-1.1.0.v20090501071000.jar,reference:file:C:/Users/lenzol/.m2/repository/p2/osgi/bundle/org.objenesis/1.0.0.v201105211943/org.objenesis-1.0.0.v201105211943.jar,reference:file:C:/Users/lenzol/.m2/repository/p2/osgi/bundle/org.eclipse.equinox.launcher/1.3.0.v20130327-1440/org.eclipse.equinox.launcher-1.3.0.v20130327-1440.jar,reference:file:D:/!CoRe/github-Git/tests/org.eclipse.recommenders.tests.models,reference:file:C:/Users/lenzol/.m2/repository/org/eclipse/tycho/org.eclipse.tycho.surefire.osgibooter/0.18.0/org.eclipse.tycho.surefire.osgibooter-0.18.0.jar,reference:file:C:/Users/lenzol/.m2/repository/org/eclipse/tycho/org.eclipse.tycho.surefire.junit4/0.18.0/org.eclipse.tycho.surefire.junit4-0.18.0.jar"/>
    <property name="java.endorsed.dirs" value="c:\Program Files (x86)\Java\jdk1.6.0_43\jre\lib\endorsed"/>
    <property name="sun.cpu.isalist" value="pentium_pro+mmx pentium_pro pentium+mmx pentium i486 i386 i86"/>
    <property name="sun.jnu.encoding" value="Cp1252"/>
    <property name="eclipse.application" value="org.eclipse.tycho.surefire.osgibooter.headlesstest"/>
    <property name="file.encoding.pkg" value="sun.io"/>
    <property name="org.osgi.framework.vendor" value="Eclipse"/>
    <property name="file.separator" value="\"/>
    <property name="java.specification.name" value="Java Platform API Specification"/>
    <property name="osgi.checkConfiguration" value="true"/>
    <property name="java.class.version" value="50.0"/>
    <property name="user.country" value="DE"/>
    <property name="osgi.configuration.cascaded" value="false"/>
    <property name="java.home" value="c:\Program Files (x86)\Java\jdk1.6.0_43\jre"/>
    <property name="osgi.os" value="win32"/>
    <property name="eclipse.commands" value="-data
D:\!CoRe\github-Git\tests\org.eclipse.recommenders.tests.models\target\work\data
-install
D:\!CoRe\github-Git\tests\org.eclipse.recommenders.tests.models\target\work
-configuration
D:\!CoRe\github-Git\tests\org.eclipse.recommenders.tests.models\target\work\configuration
-application
org.eclipse.tycho.surefire.osgibooter.headlesstest
-testproperties
D:\!CoRe\github-Git\tests\org.eclipse.recommenders.tests.models\target\surefire.properties
"/>
    <property name="java.vm.info" value="mixed mode, sharing"/>
    <property name="os.version" value="6.1"/>
    <property name="osgi.arch" value="x86"/>
    <property name="path.separator" value=";"/>
    <property name="java.vm.version" value="20.14-b01"/>
    <property name="org.osgi.supports.framework.fragment" value="true"/>
    <property name="user.variant" value=""/>
    <property name="osgi.framework.shape" value="jar"/>
    <property name="java.awt.printerjob" value="sun.awt.windows.WPrinterJob"/>
    <property name="sun.io.unicode.encoding" value="UnicodeLittle"/>
    <property name="org.osgi.framework.version" value="1.7.0"/>
    <property name="awt.toolkit" value="sun.awt.windows.WToolkit"/>
    <property name="osgi.dev" value="file:/D:/!CoRe/github-Git/tests/org.eclipse.recommenders.tests.models/target/work/dev.properties"/>
    <property name="osgi.install.area" value="file:/D:/!CoRe/github-Git/tests/org.eclipse.recommenders.tests.models/target/work/"/>
    <property name="osgi.framework" value="file:/C:/Users/lenzol/.m2/repository/p2/osgi/bundle/org.eclipse.osgi/3.9.0.v20130513-1345/org.eclipse.osgi-3.9.0.v20130513-1345.jar"/>
    <property name="user.home" value="C:\Users\lenzol"/>
    <property name="osgi.bundlestore" value="D:\!CoRe\github-Git\tests\org.eclipse.recommenders.tests.models\target\work\configuration\org.eclipse.osgi\bundles"/>
    <property name="java.specification.vendor" value="Sun Microsystems Inc."/>
    <property name="osgi.nl" value="de_DE"/>
    <property name="java.library.path" value="c:\Program Files (x86)\Java\jdk1.6.0_43\jre\bin;C:\Windows\Sun\Java\bin;C:\Windows\system32;C:\Windows;c:\Users\lenzol\bin;.;C:\Program Files (x86)\Git\local\bin;C:\Program Files (x86)\Git\mingw\bin;C:\Program Files (x86)\Git\bin;C:\Program Files (x86)\Git\bin;c:\Windows\system32;c:\Windows;c:\Windows\System32\Wbem;c:\Windows\System32\WindowsPowerShell\v1.0\;c:\Program Files\TortoiseSVN\bin;c:\Program Files (x86)\MiKTeX 2.9\miktex\bin\;c:\maven\bin;c:\Program Files (x86)\Calibre2\;."/>
    <property name="java.vendor.url" value="http://java.sun.com/"/>
    <property name="osgi.bundlefile.limit" value="100"/>
    <property name="eclipse.startTime" value="1370447263324"/>
    <property name="org.osgi.framework.os.version" value="6.1.0"/>
    <property name="java.vm.vendor" value="Sun Microsystems Inc."/>
    <property name="java.runtime.name" value="Java(TM) SE Runtime Environment"/>
    <property name="sun.java.command" value="C:\Users\lenzol\.m2\repository\p2\osgi\bundle\org.eclipse.equinox.launcher\1.3.0.v20130327-1440\org.eclipse.equinox.launcher-1.3.0.v20130327-1440.jar -data D:\!CoRe\github-Git\tests\org.eclipse.recommenders.tests.models\target\work\data -install D:\!CoRe\github-Git\tests\org.eclipse.recommenders.tests.models\target\work -configuration D:\!CoRe\github-Git\tests\org.eclipse.recommenders.tests.models\target\work\configuration -application org.eclipse.tycho.surefire.osgibooter.headlesstest -testproperties D:\!CoRe\github-Git\tests\org.eclipse.recommenders.tests.models\target\surefire.properties"/>
    <property name="java.class.path" value="C:\Users\lenzol\.m2\repository\p2\osgi\bundle\org.eclipse.equinox.launcher\1.3.0.v20130327-1440\org.eclipse.equinox.launcher-1.3.0.v20130327-1440.jar;C:\Users\lenzol\.m2\repository\org\jacoco\org.jacoco.agent\0.6.2.201302030002\org.jacoco.agent-0.6.2.201302030002-runtime.jar"/>
    <property name="java.vm.specification.name" value="Java Virtual Machine Specification"/>
    <property name="java.vm.specification.version" value="1.0"/>
    <property name="sun.os.patch.level" value="Service Pack 1"/>
    <property name="sun.cpu.endian" value="little"/>
    <property name="gosh.args" value="--nointeractive"/>
    <property name="surefire.test.class.path" value=""/>
    <property name="java.io.tmpdir" value="C:\Users\lenzol\AppData\Local\Temp\"/>
    <property name="java.vendor.url.bug" value="http://java.sun.com/cgi-bin/bugreport.cgi"/>
    <property name="eclipse.home.location" value="file:/D:/!CoRe/github-Git/tests/org.eclipse.recommenders.tests.models/target/work/"/>
    <property name="java.awt.graphicsenv" value="sun.awt.Win32GraphicsEnvironment"/>
    <property name="os.arch" value="x86"/>
    <property name="java.ext.dirs" value="c:\Program Files (x86)\Java\jdk1.6.0_43\jre\lib\ext;C:\Windows\Sun\Java\lib\ext"/>
    <property name="user.dir" value="D:\!CoRe\github-Git\tests\org.eclipse.recommenders.tests.models"/>
    <property name="org.osgi.supports.framework.requirebundle" value="true"/>
    <property name="line.separator" value="
"/>
    <property name="java.vm.name" value="Java HotSpot(TM) Client VM"/>
    <property name="file.encoding" value="Cp1252"/>
    <property name="osgi.framework.version" value="3.9.0.v20130513-1345"/>
    <property name="java.specification.version" value="1.6"/>
    <property name="org.osgi.framework.executionenvironment" value="OSGi/Minimum-1.0,OSGi/Minimum-1.1,OSGi/Minimum-1.2,JRE-1.1,J2SE-1.2,J2SE-1.3,J2SE-1.4,J2SE-1.5,JavaSE-1.6"/>
    <property name="osgi.configuration.area" value="file:/D:/!CoRe/github-Git/tests/org.eclipse.recommenders.tests.models/target/work/configuration/"/>
    <property name="osgi.logfile" value="D:\!CoRe\github-Git\tests\org.eclipse.recommenders.tests.models\target\work\configuration\1370447263465.log"/>
  </properties>
  <testcase time="0.047" classname="org.eclipse.recommenders.tests.models.MappingProviderTest" name="testSecondStrategyWins"/>
  <testcase time="0.015" classname="org.eclipse.recommenders.tests.models.MappingProviderTest" name="testIsApplicableWithStrategies"/>
  <testcase time="0" classname="org.eclipse.recommenders.tests.models.MappingProviderTest" name="testMappingProviderWithMockedStrategy"/>
  <testcase time="0.016" classname="org.eclipse.recommenders.tests.models.MappingProviderTest" name="testCorrectOrderOfStrategiesWithAddStrategies"/>
  <testcase time="0" classname="org.eclipse.recommenders.tests.models.MappingProviderTest" name="testMappingCacheHitAtSecondTime"/>
  <testcase time="0" classname="org.eclipse.recommenders.tests.models.MappingProviderTest" name="testMappingProviderWithNoStrategy"/>
  <testcase time="0" classname="org.eclipse.recommenders.tests.models.MappingProviderTest" name="testCorrectOrderOfStrategiesWithSetStrategies"/>
  <testcase time="0.016" classname="org.eclipse.recommenders.tests.models.MappingProviderTest" name="testMappingCacheMissAtFirstTime"/>
  <testcase time="0" classname="org.eclipse.recommenders.tests.models.MappingProviderTest" name="testSetStrategiesSetStrategiesCorrect"/>
  <testcase time="0" classname="org.eclipse.recommenders.tests.models.MappingProviderTest" name="testIsApplicableWithoutStrategies"/>
</testsuite>